{
  "RSpec": {
    "coverage": {
      "/Users/will/Projects/MA-COURSE/week2/oystercardweds/spec/oystercard_spec.rb": [
        1,
        null,
        1,
        5,
        1,
        null,
        1,
        1,
        null,
        null,
        2,
        null,
        1,
        1,
        1,
        null,
        null,
        null,
        null,
        null,
        null,
        null,
        1,
        1,
        1,
        2,
        null,
        null,
        1,
        1,
        1,
        null,
        1,
        null,
        null,
        2,
        2,
        2,
        null,
        1,
        1,
        1,
        1,
        null,
        null,
        1,
        1,
        1,
        1,
        null,
        null,
        1,
        1,
        1,
        1,
        1,
        null,
        null,
        1,
        2,
        null,
        null,
        1,
        1,
        1,
        4,
        null,
        null,
        1,
        1,
        1,
        1,
        null,
        null,
        1,
        1,
        null,
        null,
        1,
        1,
        1,
        1,
        null,
        null,
        1,
        1,
        1,
        1,
        1,
        null,
        null
      ],
      "/Users/will/Projects/MA-COURSE/week2/oystercardweds/lib/Oystercard.rb": [
        null,
        1,
        1,
        null,
        1,
        1,
        1,
        null,
        1,
        17,
        17,
        17,
        null,
        null,
        1,
        11,
        10,
        10,
        null,
        null,
        1,
        8,
        7,
        7,
        7,
        7,
        null,
        null,
        1,
        3,
        3,
        3,
        3,
        null,
        null,
        1,
        1,
        null,
        null,
        1,
        null,
        1,
        4,
        null,
        null
      ]
    },
    "timestamp": 1502290482
  }
}
